[    0.000000] Linux version 4.15.0-212-generic (buildd@lcy02-amd64-083) (gcc version 7.5.0 (Ubuntu 7.5.0-3ubuntu1~18.04)) #223-Ubuntu SMP Tue May 23 13:09:22 UTC 2023 (Ubuntu 4.15.0-212.223-generic 4.15.18)
[    0.000000] Command line: BOOT_IMAGE=/boot/vmlinuz-4.15.0-212-generic root=LABEL=cloudimg-rootfs ro console=tty1 console=ttyS0
[    0.000000] KERNEL supported cpus:
[    0.000000]   Intel GenuineIntel
[    0.000000]   AMD AuthenticAMD
[    0.000000]   Centaur CentaurHauls
[    0.000000] [Firmware Bug]: TSC doesn't count with P0 frequency!
[    0.000000] x86/fpu: Supporting XSAVE feature 0x001: 'x87 floating point registers'
[    0.000000] x86/fpu: Supporting XSAVE feature 0x002: 'SSE registers'
[    0.000000] x86/fpu: Supporting XSAVE feature 0x004: 'AVX registers'
[    0.000000] x86/fpu: xstate_offset[2]:  576, xstate_sizes[2]:  256
[    0.000000] x86/fpu: Enabled xstate features 0x7, context size is 832 bytes, using 'standard' format.
[    0.000000] e820: BIOS-provided physical RAM map:
[    0.000000] BIOS-e820: [mem 0x0000000000000000-0x000000000009fbff] usable
[    0.000000] BIOS-e820: [mem 0x000000000009fc00-0x000000000009ffff] reserved
[    0.000000] BIOS-e820: [mem 0x00000000000f0000-0x00000000000fffff] reserved
[    0.000000] BIOS-e820: [mem 0x0000000000100000-0x000000003ffeffff] usable
[    0.000000] BIOS-e820: [mem 0x000000003fff0000-0x000000003fffffff] ACPI data
[    0.000000] BIOS-e820: [mem 0x00000000fec00000-0x00000000fec00fff] reserved
[    0.000000] BIOS-e820: [mem 0x00000000fee00000-0x00000000fee00fff] reserved
[    0.000000] BIOS-e820: [mem 0x00000000fffc0000-0x00000000ffffffff] reserved
[    0.000000] NX (Execute Disable) protection: active
[    0.000000] SMBIOS 2.5 present.
[    0.000000] DMI: innotek GmbH VirtualBox/VirtualBox, BIOS VirtualBox 12/01/2006
[    0.000000] Hypervisor detected: KVM
[    0.000000] e820: last_pfn = 0x3fff0 max_arch_pfn = 0x400000000
[    0.000000] MTRR: Disabled
[    0.000000] x86/PAT: MTRRs disabled, skipping PAT initialization too.
[    0.000000] CPU MTRRs all blank - virtualized system.
[    0.000000] x86/PAT: Configuration [0-7]: WB  WT  UC- UC  WB  WT  UC- UC  
[    0.000000] found SMP MP-table at [mem 0x0009fff0-0x0009ffff]
[    0.000000] Scanning 1 areas for low memory corruption
[    0.000000] RAMDISK: [mem 0x359cb000-0x36cdcfff]
[    0.000000] ACPI: Early table checksum verification disabled
[    0.000000] ACPI: RSDP 0x00000000000E0000 000024 (v02 VBOX  )
[    0.000000] ACPI: XSDT 0x000000003FFF0030 00003C (v01 VBOX   VBOXXSDT 00000001 ASL  00000061)
[    0.000000] ACPI: FACP 0x000000003FFF00F0 0000F4 (v04 VBOX   VBOXFACP 00000001 ASL  00000061)
[    0.000000] ACPI: DSDT 0x000000003FFF0610 002353 (v02 VBOX   VBOXBIOS 00000002 INTL 20200925)
[    0.000000] ACPI: FACS 0x000000003FFF0200 000040
[    0.000000] ACPI: FACS 0x000000003FFF0200 000040
[    0.000000] ACPI: APIC 0x000000003FFF0240 00005C (v02 VBOX   VBOXAPIC 00000001 ASL  00000061)
[    0.000000] ACPI: SSDT 0x000000003FFF02A0 00036C (v01 VBOX   VBOXCPUT 00000002 INTL 20200925)
[    0.000000] ACPI: Reserving FACP table memory at [mem 0x3fff00f0-0x3fff01e3]
[    0.000000] ACPI: Reserving DSDT table memory at [mem 0x3fff0610-0x3fff2962]
[    0.000000] ACPI: Reserving FACS table memory at [mem 0x3fff0200-0x3fff023f]
[    0.000000] ACPI: Reserving FACS table memory at [mem 0x3fff0200-0x3fff023f]
[    0.000000] ACPI: Reserving APIC table memory at [mem 0x3fff0240-0x3fff029b]
[    0.000000] ACPI: Reserving SSDT table memory at [mem 0x3fff02a0-0x3fff060b]
[    0.000000] No NUMA configuration found
[    0.000000] Faking a node at [mem 0x0000000000000000-0x000000003ffeffff]
[    0.000000] NODE_DATA(0) allocated [mem 0x3ffc5000-0x3ffeffff]
[    0.000000] kvm-clock: cpu 0, msr 0:3ff44001, primary cpu clock
[    0.000000] kvm-clock: Using msrs 4b564d01 and 4b564d00
[    0.000000] kvm-clock: using sched offset of 3141067240 cycles
[    0.000000] clocksource: kvm-clock: mask: 0xffffffffffffffff max_cycles: 0x1cd42e4dffb, max_idle_ns: 881590591483 ns
[    0.000000] Zone ranges:
[    0.000000]   DMA      [mem 0x0000000000001000-0x0000000000ffffff]
[    0.000000]   DMA32    [mem 0x0000000001000000-0x000000003ffeffff]
[    0.000000]   Normal   empty
[    0.000000]   Device   empty
[    0.000000] Movable zone start for each node
[    0.000000] Early memory node ranges
[    0.000000]   node   0: [mem 0x0000000000001000-0x000000000009efff]
[    0.000000]   node   0: [mem 0x0000000000100000-0x000000003ffeffff]
[    0.000000] Reserved but unavailable: 104 pages
[    0.000000] Initmem setup node 0 [mem 0x0000000000001000-0x000000003ffeffff]
[    0.000000] ACPI: PM-Timer IO Port: 0x4008
[    0.000000] IOAPIC[0]: apic_id 2, version 32, address 0xfec00000, GSI 0-23
[    0.000000] ACPI: INT_SRC_OVR (bus 0 bus_irq 0 global_irq 2 dfl dfl)
[    0.000000] ACPI: INT_SRC_OVR (bus 0 bus_irq 9 global_irq 9 low level)
[    0.000000] Using ACPI (MADT) for SMP configuration information
[    0.000000] smpboot: Allowing 2 CPUs, 0 hotplug CPUs
[    0.000000] PM: Registered nosave memory: [mem 0x00000000-0x00000fff]
[    0.000000] PM: Registered nosave memory: [mem 0x0009f000-0x0009ffff]
[    0.000000] PM: Registered nosave memory: [mem 0x000a0000-0x000effff]
[    0.000000] PM: Registered nosave memory: [mem 0x000f0000-0x000fffff]
[    0.000000] e820: [mem 0x40000000-0xfebfffff] available for PCI devices
[    0.000000] Booting paravirtualized kernel on KVM
[    0.000000] clocksource: refined-jiffies: mask: 0xffffffff max_cycles: 0xffffffff, max_idle_ns: 7645519600211568 ns
[    0.000000] setup_percpu: NR_CPUS:8192 nr_cpumask_bits:2 nr_cpu_ids:2 nr_node_ids:1
[    0.000000] percpu: Embedded 50 pages/cpu s167936 r8192 d28672 u1048576
[    0.000000] PV qspinlock hash table entries: 256 (order: 0, 4096 bytes)
[    0.000000] Built 1 zonelists, mobility grouping on.  Total pages: 257913
[    0.000000] Policy zone: DMA32
[    0.000000] Kernel command line: BOOT_IMAGE=/boot/vmlinuz-4.15.0-212-generic root=LABEL=cloudimg-rootfs ro console=tty1 console=ttyS0
[    0.000000] Memory: 982644K/1048120K available (12300K kernel code, 2477K rwdata, 4324K rodata, 2480K init, 2720K bss, 65476K reserved, 0K cma-reserved)
[    0.000000] SLUB: HWalign=64, Order=0-3, MinObjects=0, CPUs=2, Nodes=1
[    0.000000] ftrace: allocating 39508 entries in 155 pages
[    0.004000] Hierarchical RCU implementation.
[    0.004000] 	RCU restricting CPUs from NR_CPUS=8192 to nr_cpu_ids=2.
[    0.004000] 	Tasks RCU enabled.
[    0.004000] RCU: Adjusting geometry for rcu_fanout_leaf=16, nr_cpu_ids=2
[    0.004000] NR_IRQS: 524544, nr_irqs: 440, preallocated irqs: 16
[    0.004000] random: crng init done
[    0.004000] Console: colour VGA+ 80x25
[    0.004000] console [tty1] enabled
[    0.004000] console [ttyS0] enabled
[    0.004000] ACPI: Core revision 20170831
[    0.004000] ACPI: 2 ACPI AML tables successfully acquired and loaded
[    0.004000] APIC: Switch to symmetric I/O mode setup
[    0.004000] x2apic enabled
[    0.004000] Switched APIC routing to physical x2apic.
[    0.004000] ..TIMER: vector=0x30 apic1=0 pin1=2 apic2=-1 pin2=-1
[    0.004000] tsc: Detected 3393.610 MHz processor
[    0.004000] Calibrating delay loop (skipped) preset value.. 6787.22 BogoMIPS (lpj=13574440)
[    0.004000] pid_max: default: 32768 minimum: 301
[    0.004000] Security Framework initialized
[    0.004000] Yama: becoming mindful.
[    0.004000] AppArmor: AppArmor initialized
[    0.004000] Dentry cache hash table entries: 131072 (order: 8, 1048576 bytes)
[    0.004000] Inode-cache hash table entries: 65536 (order: 7, 524288 bytes)
[    0.004000] Mount-cache hash table entries: 2048 (order: 2, 16384 bytes)
[    0.004000] Mountpoint-cache hash table entries: 2048 (order: 2, 16384 bytes)
[    0.004000] Last level iTLB entries: 4KB 512, 2MB 512, 4MB 256
[    0.004000] Last level dTLB entries: 4KB 2048, 2MB 2048, 4MB 1024, 1GB 0
[    0.004000] Spectre V1 : Mitigation: usercopy/swapgs barriers and __user pointer sanitization
[    0.004000] Spectre V2 : Mitigation: Retpolines
[    0.004000] Spectre V2 : Spectre v2 / SpectreRSB mitigation: Filling RSB on context switch
[    0.004000] Spectre V2 : Spectre v2 / SpectreRSB : Filling RSB on VMEXIT
[    0.004000] Freeing SMP alternatives memory: 36K
[    0.117364] APIC calibration not consistent with PM-Timer: 103ms instead of 100ms
[    0.118143] APIC delta adjusted to PM-Timer: 6340968 (6584773)
[    0.118717] smpboot: CPU0: AMD Ryzen 7 5700X 8-Core Processor (family: 0x19, model: 0x21, stepping: 0x2)
[    0.119657] Performance Events: PMU not available due to virtualization, using software events only.
[    0.120000] Hierarchical SRCU implementation.
[    0.120000] NMI watchdog: Perf event create on CPU 0 failed with -2
[    0.120000] NMI watchdog: Perf NMI watchdog permanently disabled
[    0.120000] smp: Bringing up secondary CPUs ...
[    0.120051] x86: Booting SMP configuration:
[    0.120474] .... node  #0, CPUs:      #1
[    0.004000] kvm-clock: cpu 1, msr 0:3ff44041, secondary cpu clock
[    0.124012] smp: Brought up 1 node, 2 CPUs
[    0.124356] smpboot: Max logical packages: 1
[    0.124724] smpboot: Total of 2 processors activated (13574.44 BogoMIPS)
[    0.125297] devtmpfs: initialized
[    0.125297] x86/mm: Memory block size: 128MB
[    0.125297] evm: security.selinux
[    0.125297] evm: security.SMACK64
[    0.125524] evm: security.SMACK64EXEC
[    0.125888] evm: security.SMACK64TRANSMUTE
[    0.126286] evm: security.SMACK64MMAP
[    0.128004] evm: security.apparmor
[    0.128358] evm: security.ima
[    0.128665] evm: security.capability
[    0.129032] clocksource: jiffies: mask: 0xffffffff max_cycles: 0xffffffff, max_idle_ns: 7645041785100000 ns
[    0.129102] futex hash table entries: 512 (order: 3, 32768 bytes)
[    0.129832] pinctrl core: initialized pinctrl subsystem
[    0.130629] RTC time: 15:33:06, date: 06/20/24
[    0.132077] NET: Registered protocol family 16
[    0.132648] audit: initializing netlink subsys (disabled)
[    0.133275] audit: type=2000 audit(1718897590.556:1): state=initialized audit_enabled=0 res=1
[    0.133275] cpuidle: using governor ladder
[    0.133275] cpuidle: using governor menu
[    0.133275] ACPI: bus type PCI registered
[    0.133275] acpiphp: ACPI Hot Plug PCI Controller Driver version: 0.5
[    0.136056] PCI: Using configuration type 1 for base access
[    0.136660] PCI: Using configuration type 1 for extended access
[    0.137365] HugeTLB registered 2.00 MiB page size, pre-allocated 0 pages
[    0.137365] ACPI: Added _OSI(Module Device)
[    0.140005] ACPI: Added _OSI(Processor Device)
[    0.140390] ACPI: Added _OSI(3.0 _SCP Extensions)
[    0.140792] ACPI: Added _OSI(Processor Aggregator Device)
[    0.141225] ACPI: Added _OSI(Linux-Dell-Video)
[    0.141600] ACPI: Added _OSI(Linux-Lenovo-NV-HDMI-Audio)
[    0.142024] ACPI: Added _OSI(Linux-HPI-Hybrid-Graphics)
[    0.142576] ACPI: Executed 1 blocks of module-level executable AML code
[    0.144876] ACPI: Interpreter enabled
[    0.145208] ACPI: (supports S0 S5)
[    0.145511] ACPI: Using IOAPIC for interrupt routing
[    0.146045] PCI: Using host bridge windows from ACPI; if necessary, use "pci=nocrs" and report a bug
[    0.146855] ACPI: Enabled 2 GPEs in block 00 to 07
[    0.149979] ACPI: PCI Root Bridge [PCI0] (domain 0000 [bus 00-ff])
[    0.150479] acpi PNP0A03:00: _OSC: OS supports [ExtendedConfig ASPM ClockPM Segments MSI]
[    0.151654] acpi PNP0A03:00: _OSC: platform does not support [PCIeCapability]
[    0.152238] acpi PNP0A03:00: _OSC: not requesting control; platform does not support [PCIeCapability]
[    0.152976] acpi PNP0A03:00: _OSC: OS requested [PCIeHotplug PME AER PCIeCapability]
[    0.153621] acpi PNP0A03:00: _OSC: platform willing to grant [PCIeHotplug PME AER]
[    0.154936] acpi PNP0A03:00: _OSC failed (AE_SUPPORT); disabling ASPM
[    0.155606] PCI host bridge to bus 0000:00
[    0.156002] pci_bus 0000:00: root bus resource [io  0x0000-0x0cf7 window]
[    0.156543] pci_bus 0000:00: root bus resource [io  0x0d00-0xffff window]
[    0.157084] pci_bus 0000:00: root bus resource [mem 0x000a0000-0x000bffff window]
[    0.157720] pci_bus 0000:00: root bus resource [mem 0x40000000-0xfdffffff window]
[    0.158339] pci_bus 0000:00: root bus resource [bus 00-ff]
[    0.159546] pci 0000:00:01.1: legacy IDE quirk: reg 0x10: [io  0x01f0-0x01f7]
[    0.160001] pci 0000:00:01.1: legacy IDE quirk: reg 0x14: [io  0x03f6]
[    0.160522] pci 0000:00:01.1: legacy IDE quirk: reg 0x18: [io  0x0170-0x0177]
[    0.161079] pci 0000:00:01.1: legacy IDE quirk: reg 0x1c: [io  0x0376]
[    0.165562] pci 0000:00:07.0: quirk: [io  0x4000-0x403f] claimed by PIIX4 ACPI
[    0.166189] pci 0000:00:07.0: quirk: [io  0x4100-0x410f] claimed by PIIX4 SMB
[    0.168628] ACPI: PCI Interrupt Link [LNKA] (IRQs 5 9 10 *11)
[    0.169243] ACPI: PCI Interrupt Link [LNKB] (IRQs 5 9 *10 11)
[    0.169767] ACPI: PCI Interrupt Link [LNKC] (IRQs 5 *9 10 11)
[    0.170269] ACPI: PCI Interrupt Link [LNKD] (IRQs 5 9 10 *11)
[    0.170875] SCSI subsystem initialized
[    0.171212] pci 0000:00:02.0: vgaarb: setting as boot VGA device
[    0.171212] pci 0000:00:02.0: vgaarb: VGA device added: decodes=io+mem,owns=io+mem,locks=none
[    0.172004] pci 0000:00:02.0: vgaarb: bridge control possible
[    0.172465] vgaarb: loaded
[    0.172745] ACPI: bus type USB registered
[    0.173115] usbcore: registered new interface driver usbfs
[    0.173571] usbcore: registered new interface driver hub
[    0.174033] usbcore: registered new device driver usb
[    0.174505] EDAC MC: Ver: 3.0.0
[    0.174505] PCI: Using ACPI for IRQ routing
[    0.176118] NetLabel: Initializing
[    0.176432] NetLabel:  domain hash size = 128
[    0.176806] NetLabel:  protocols = UNLABELED CIPSOv4 CALIPSO
[    0.177283] NetLabel:  unlabeled traffic allowed by default
[    0.177732] clocksource: Switched to clocksource kvm-clock
[    0.181683] VFS: Disk quotas dquot_6.6.0
[    0.182054] VFS: Dquot-cache hash table entries: 512 (order 0, 4096 bytes)
[    0.182640] AppArmor: AppArmor Filesystem Enabled
[    0.183045] pnp: PnP ACPI init
[    0.183776] pnp: PnP ACPI: found 3 devices
[    0.190278] clocksource: acpi_pm: mask: 0xffffff max_cycles: 0xffffff, max_idle_ns: 2085701024 ns
[    0.191036] NET: Registered protocol family 2
[    0.191443] IP idents hash table entries: 16384 (order: 5, 131072 bytes)
[    0.192263] TCP established hash table entries: 8192 (order: 4, 65536 bytes)
[    0.192815] TCP bind hash table entries: 8192 (order: 5, 131072 bytes)
[    0.193330] TCP: Hash tables configured (established 8192 bind 8192)
[    0.193851] UDP hash table entries: 512 (order: 2, 16384 bytes)
[    0.194332] UDP-Lite hash table entries: 512 (order: 2, 16384 bytes)
[    0.194855] NET: Registered protocol family 1
[    0.195226] pci 0000:00:00.0: Limiting direct PCI/PCI transfers
[    0.195698] pci 0000:00:01.0: Activating ISA DMA hang workarounds
[    0.196215] pci 0000:00:02.0: Video device with shadowed ROM at [mem 0x000c0000-0x000dffff]
[    0.196944] Unpacking initramfs...
[    0.200190] Freeing initrd memory: 19528K
[    0.200190] clocksource: tsc: mask: 0xffffffffffffffff max_cycles: 0x30eaba04944, max_idle_ns: 440795268914 ns
[    0.200190] platform rtc_cmos: registered platform RTC device (no PNP device found)
[    0.200190] Scanning for low memory corruption every 60 seconds
[    0.344537] Initialise system trusted keyrings
[    0.345014] Key type blacklist registered
[    0.345452] workingset: timestamp_bits=36 max_order=18 bucket_order=0
[    0.346573] zbud: loaded
[    0.347147] squashfs: version 4.0 (2009/01/31) Phillip Lougher
[    0.347905] fuse init (API version 7.26)
[    0.349600] Key type asymmetric registered
[    0.349996] Asymmetric key parser 'x509' registered
[    0.350482] Block layer SCSI generic (bsg) driver version 0.4 loaded (major 246)
[    0.351223] io scheduler noop registered
[    0.351675] io scheduler deadline registered
[    0.352154] io scheduler cfq registered (default)
[    0.352909] ACPI: AC Adapter [AC] (on-line)
[    0.353452] input: Power Button as /devices/LNXSYSTM:00/LNXPWRBN:00/input/input0
[    0.354437] ACPI: Power Button [PWRF]
[    0.354944] input: Sleep Button as /devices/LNXSYSTM:00/LNXSLPBN:00/input/input1
[    0.355882] ACPI: Sleep Button [SLPF]
[    0.356542] Serial: 8250/16550 driver, 32 ports, IRQ sharing enabled
[    0.377490] 00:02: ttyS0 at I/O 0x3f8 (irq = 4, base_baud = 115200) is a 16550A
[    0.379201] Linux agpgart interface v0.103
[    0.380408] loop: module loaded
[    0.380971] scsi host0: ata_piix
[    0.381485] scsi host1: ata_piix
[    0.381791] ata1: PATA max UDMA/33 cmd 0x1f0 ctl 0x3f6 bmdma 0xd000 irq 14
[    0.382339] ata2: PATA max UDMA/33 cmd 0x170 ctl 0x376 bmdma 0xd008 irq 15
[    0.383031] tun: Universal TUN/TAP device driver, 1.6
[    0.383490] PPP generic driver version 2.4.2
[    0.383893] ehci_hcd: USB 2.0 'Enhanced' Host Controller (EHCI) Driver
[    0.384421] ehci-pci: EHCI PCI platform driver
[    0.384814] ehci-platform: EHCI generic platform driver
[    0.385235] ohci_hcd: USB 1.1 'Open' Host Controller (OHCI) Driver
[    0.385741] ohci-pci: OHCI PCI platform driver
[    0.386126] ohci-platform: OHCI generic platform driver
[    0.386562] uhci_hcd: USB Universal Host Controller Interface driver
[    0.387071] i8042: PNP: PS/2 Controller [PNP0303:PS2K,PNP0f03:PS2M] at 0x60,0x64 irq 1,12
[    0.388078] serio: i8042 KBD port at 0x60,0x64 irq 1
[    0.388511] serio: i8042 AUX port at 0x60,0x64 irq 12
[    0.389009] mousedev: PS/2 mouse device common for all mice
[    0.389741] input: AT Translated Set 2 keyboard as /devices/platform/i8042/serio0/input/input2
[    0.390461] rtc_cmos rtc_cmos: rtc core: registered rtc_cmos as rtc0
[    0.391085] rtc_cmos rtc_cmos: alarms up to one day, 114 bytes nvram
[    0.391585] i2c /dev entries driver
[    0.391918] device-mapper: uevent: version 1.0.3
[    0.392352] device-mapper: ioctl: 4.37.0-ioctl (2017-09-20) initialised: dm-devel@redhat.com
[    0.393081] ledtrig-cpu: registered to indicate activity on CPUs
[    0.393730] NET: Registered protocol family 10
[    0.395870] Segment Routing with IPv6
[    0.396230] NET: Registered protocol family 17
[    0.396638] Key type dns_resolver registered
[    0.397282] mce: Using 0 MCE banks
[    0.397629] RAS: Correctable Errors collector initialized.
[    0.398088] sched_clock: Marking stable (397264683, 0)->(484063684, -86799001)
[    0.398894] registered taskstats version 1
[    0.399275] Loading compiled-in X.509 certificates
[    0.400695] Loaded X.509 cert 'Build time autogenerated kernel key: b5b26778eaa3ab3a4a6cee031137706e947d12ad'
[    0.401850] Loaded X.509 cert 'Canonical Ltd. Live Patch Signing: 14df34d1a87cf37625abec039ef2bf521249b969'
[    0.403056] Loaded X.509 cert 'Canonical Ltd. Kernel Module Signing: 88f752e560a1e0737e31163a466ad7b70a850c19'
[    0.404190] blacklist: Loading compiled-in revocation X.509 certificates
[    0.404808] Loaded X.509 cert 'Canonical Ltd. Secure Boot Signing: 61482aa2830d0ab2ad5af10b7250da9033ddcef0'
[    0.405679] Loaded X.509 cert 'Canonical Ltd. Secure Boot Signing (2017): 242ade75ac4a15e50d50c84b0d45ff3eae707a03'
[    0.406576] Loaded X.509 cert 'Canonical Ltd. Secure Boot Signing (ESM 2018): 365188c1d374d6b07c3c8f240f8ef722433d6a8b'
[    0.407456] Loaded X.509 cert 'Canonical Ltd. Secure Boot Signing (2019): c0746fd6c5da3ae827864651ad66ae47fe24b3e8'
[    0.408310] Loaded X.509 cert 'Canonical Ltd. Secure Boot Signing (2021 v1): a8d54bbb3825cfb94fa13c9f8a594a195c107b8d'
[    0.409183] Loaded X.509 cert 'Canonical Ltd. Secure Boot Signing (2021 v2): 4cf046892d6fd3c9a5b03f98d845f90851dc6a8c'
[    0.410053] Loaded X.509 cert 'Canonical Ltd. Secure Boot Signing (2021 v3): 100437bb6de6e469b581e61cd66bce3ef4ed53af'
[    0.410920] Loaded X.509 cert 'Canonical Ltd. Secure Boot Signing (Ubuntu Core 2019): c1d57b8f6b743f23ee41f4f7ee292f06eecadfb9'
[    0.411840] zswap: loaded using pool lzo/zbud
[    0.413683] Key type big_key registered
[    0.414173] Key type trusted registered
[    0.415293] Key type encrypted registered
[    0.415664] AppArmor: AppArmor sha1 policy hashing enabled
[    0.416133] ima: No TPM chip found, activating TPM-bypass! (rc=-19)
[    0.416657] ima: Allocated hash algorithm: sha1
[    0.417073] evm: HMAC attrs: 0x1
[    0.417474]   Magic number: 12:124:589
[    0.417874] rtc_cmos rtc_cmos: setting system clock to 2024-06-20 15:33:06 UTC (1718897586)
[    0.418645] BIOS EDD facility v0.16 2004-Jun-25, 0 devices found
[    0.419335] EDD information not available.
[    0.565084] Freeing unused kernel image memory: 2480K
[    0.580079] Write protecting the kernel read-only data: 20480k
[    0.581183] Freeing unused kernel image memory: 2008K
[    0.581949] Freeing unused kernel image memory: 1820K
[    0.586415] x86/mm: Checked W+X mappings: passed, no W+X pages found.
Loading, please wait...
starting version 237
[    0.622205] Fusion MPT base driver 3.04.20
[    0.622623] Copyright (c) 1999-2008 LSI Corporation
[    0.625035] Fusion MPT SPI Host driver 3.04.20
[    0.625982] mptbase: ioc0: Initiating bringup
[    0.627235] e1000: Intel(R) PRO/1000 Network Driver - version 7.3.21-k8-NAPI
[    0.627967] e1000: Copyright (c) 1999-2006 Intel Corporation.
[    0.640989] AVX2 version of gcm_enc/dec engaged.
[    0.641410] AES CTR mode by8 optimization enabled
[    1.123940] input: ImExPS/2 Generic Explorer Mouse as /devices/platform/i8042/serio1/input/input4
[    1.217502] ioc0: LSI53C1030 A0: Capabilities={Initiator}
[    1.845339] scsi host2: ioc0: LSI53C1030 A0, FwRev=00000000h, Ports=1, MaxQ=256, IRQ=20
[    2.760555] scsi 2:0:0:0: Direct-Access     VBOX     HARDDISK         1.0  PQ: 0 ANSI: 5
[    2.800143] scsi target2:0:0: Beginning Domain Validation
[    2.801500] scsi target2:0:0: Domain Validation skipping write tests
[    2.802345] scsi target2:0:0: Ending Domain Validation
[    2.803106] scsi target2:0:0: asynchronous
[    2.803815] scsi 2:0:1:0: Direct-Access     VBOX     HARDDISK         1.0  PQ: 0 ANSI: 5
[    2.976160] scsi target2:0:1: Beginning Domain Validation
[    2.977375] scsi target2:0:1: Domain Validation skipping write tests
[    2.978149] scsi target2:0:1: Ending Domain Validation
[    2.978772] scsi target2:0:1: asynchronous
[    2.981197] sd 2:0:0:0: [sda] 83886080 512-byte logical blocks: (42.9 GB/40.0 GiB)
[    2.982171] sd 2:0:0:0: [sda] Write Protect is off
[    2.982823] sd 2:0:0:0: [sda] Incomplete mode parameter data
[    2.983489] sd 2:0:0:0: [sda] Assuming drive cache: write through
[    2.984225] sd 2:0:0:0: Attached scsi generic sg0 type 0
[    2.985370] sd 2:0:1:0: [sdb] 20480 512-byte logical blocks: (10.5 MB/10.0 MiB)
[    2.986324]  sda: sda1
[    2.986876] sd 2:0:1:0: [sdb] Write Protect is off
[    2.987561] sd 2:0:1:0: [sdb] Incomplete mode parameter data
[    2.988212] sd 2:0:1:0: [sdb] Assuming drive cache: write through
[    2.989129] sd 2:0:0:0: [sda] Attached SCSI disk
[    2.989769] sd 2:0:1:0: Attached scsi generic sg1 type 0
[    2.991801] sd 2:0:1:0: [sdb] Attached SCSI disk
[    3.119261] e1000 0000:00:03.0 eth0: (PCI:33MHz:32-bit) 02:3b:7b:b7:3b:2d
[    3.120129] e1000 0000:00:03.0 eth0: Intel(R) PRO/1000 Network Connection
[    3.121376] e1000 0000:00:03.0 enp0s3: renamed from eth0
Begin: Loading essential drivers ... [    4.476091] raid6: sse2x1   gen()  7405 MB/s
[    4.524078] raid6: sse2x1   xor() 13170 MB/s
[    4.572083] raid6: sse2x2   gen() 14641 MB/s
[    4.620077] raid6: sse2x2   xor() 16516 MB/s
[    4.668101] raid6: sse2x4   gen() 23018 MB/s
[    4.716081] raid6: sse2x4   xor() 11523 MB/s
[    4.764085] raid6: avx2x1   gen() 15942 MB/s
[    4.812025] raid6: avx2x1   xor() 25970 MB/s
[    4.860075] raid6: avx2x2   gen() 32684 MB/s
[    4.908076] raid6: avx2x2   xor() 32319 MB/s
[    4.956078] raid6: avx2x4   gen() 37283 MB/s
[    5.004079] raid6: avx2x4   xor() 15301 MB/s
[    5.004542] raid6: using algorithm avx2x4 gen() 37283 MB/s
[    5.005090] raid6: .... xor() 15301 MB/s, rmw enabled
[    5.005588] raid6: using avx2x2 recovery algorithm
[    5.006795] xor: automatically using best checksumming function   avx       
[    5.007940] async_tx: api initialized (async)
done.
Begin: Running /scripts/init-premount ... done.
Begin: Mounting root file system ... Begin: Running /scripts/local-top ... done.
Begin: Running /scripts/local-premount ... [    5.029875] Btrfs loaded, crc32c=crc32c-intel
Scanning for Btrfs filesystems
done.
Warning: fsck not present, so skipping root file system
[    5.052277] EXT4-fs (sda1): mounted filesystem with ordered data mode. Opts: (null)
done.
Begin: Running /scripts/local-bottom ... done.
Begin: Running /scripts/init-bottom ... done.
[    5.224529] ip_tables: (C) 2000-2006 Netfilter Core Team
[    5.236513] systemd[1]: systemd 237 running in system mode. (+PAM +AUDIT +SELINUX +IMA +APPARMOR +SMACK +SYSVINIT +UTMP +LIBCRYPTSETUP +GCRYPT +GNUTLS +ACL +XZ +LZ4 +SECCOMP +BLKID +ELFUTILS +KMOD -IDN2 +IDN -PCRE2 default-hierarchy=hybrid)
[    5.239123] systemd[1]: Detected virtualization oracle.
[    5.239701] systemd[1]: Detected architecture x86-64.

Welcome to [1mUbuntu 18.04.6 LTS[0m!

[    5.244466] systemd[1]: Set hostname to <ubuntu>.
[    5.247840] systemd[1]: Initializing machine ID from random generator.
[    5.248815] systemd[1]: Installed transient /etc/machine-id file.
[    5.524735] systemd[1]: Reached target Swap.
[[0;32m  OK  [0m] Reached target Swap.
[    5.525551] systemd[1]: Reached target User and Group Name Lookups.
[[0;32m  OK  [0m] Reached target User and Group Name Lookups.
[    5.526596] systemd[1]: Set up automount Arbitrary Executable File Formats File System Automount Point.
[[0;32m  OK  [0m] Set up automount Arbitrary Executab…rmats File System Automount Point.
[    5.536212] systemd[1]: Started Forward Password Requests to Wall Directory Watch.
[[0;32m  OK  [0m] Started Forward Password Requests to Wall Directory Watch.
[[0;32m  OK  [0m] Reached target System Time Synchronized.
[[0;32m  OK  [0m] Created slice User and Session Slice.
[[0;32m  OK  [0m] Reached target Mounting snaps.
[[0;32m  OK  [0m] Reached target Mounted snaps.
[[0;32m  OK  [0m] Created slice System Slice.
[[0;32m  OK  [0m] Created slice system-serial\x2dgetty.slice.
[[0;32m  OK  [0m] Listening on Journal Socket (/dev/log).
[[0;32m  OK  [0m] Listening on Journal Socket.
         Starting Create list of required st…ce nodes for the current kernel...
[[0;32m  OK  [0m] Reached target Slices.
[[0;32m  OK  [0m] Listening on udev Kernel Socket.
[[0;32m  OK  [0m] Listening on Network Service Netlink Socket.
         Mounting POSIX Message Queue File System...
         Starting Load Kernel Modules...
         Mounting Kernel Debug File System...
[[0;32m  OK  [0m] Listening on udev Control Socket.
         Starting udev Coldplug all Devices...
[[0;32m  OK  [0m] Listening on Syslog Socket.
         Starting Uncomplicated firewall...
[[0;32m  OK  [0m] Listening on LVM2 poll daemon socket.
         Mounting Huge Pages File System...
[[0;32m  OK  [0m] Listening on fsck to fsckd communication Socket.
         Starting File System Check on Root Device...
[[0;32m  OK  [0m] Listening on /dev/initctl Compatibility Named Pipe.
[[0;32m  OK  [0m] Listening on LVM2 metadata daemon socket.
[[0;32m  OK  [0m] Listening on Device-mapper event daemon FIFOs.
         Starting Monitoring of LVM2 mirrors…ng dmeventd or progress polling...
[[0;32m  OK  [0m] Listening on Journal Audit Socket.
         Starting Journal Service...
         Starting Set the console keyboard layout...
[[0;32m  OK  [0m] Started Create list of required sta…vice nodes for the current kernel.
[[0;32m  OK  [0m] Mounted POSIX Message Queue File System.
[[0;32m  OK  [0m] Mounted Kernel Debug File System.
[[0;32m  OK  [0m] Mounted Huge Pages File System.
         Starting Create Static Device Nodes in /dev...
[    5.678681] Loading iSCSI transport class v2.0-870.
[    5.682680] iscsi: registered transport (tcp)
[    5.694145] iscsi: registered transport (iser)
[[0;32m  OK  [0m] Started Load Kernel Modules.
         Mounting FUSE Control File System...
         Starting Apply Kernel Variables...
         Mounting Kernel Configuration File System...
[[0;32m  OK  [0m] Started Uncomplicated firewall.
[[0;32m  OK  [0m] Mounted FUSE Control File System.
[[0;32m  OK  [0m] Mounted Kernel Configuration File System.
[[0;32m  OK  [0m] Started udev Coldplug all Devices.
[[0;32m  OK  [0m] Started File System Check Daemon to report status.
[[0;32m  OK  [0m] Started Create Static Device Nodes in /dev.
[[0;32m  OK  [0m] Started Journal Service.
[[0;32m  OK  [0m] Started File System Check on Root Device.
         Starting Remount Root and Kernel File Systems...
[[0;32m  OK  [0m] Started LVM2 metadata daemon.
[[0;32m  OK  [0m] Started Apply Kernel Variables.
[[0;32m  OK  [0m] Started Remount Root and Kernel File Systems.
         Starting Load/Save Random Seed...
         Starting udev Kernel Device Manager...
         Starting Flush Journal to Persistent Storage...
[[0;32m  OK  [0m] Started Load/Save Random Seed.
[[0;32m  OK  [0m] Started Monitoring of LVM2 mirrors,…sing dmeventd or progress polling.
[[0;32m  OK  [0m] Started udev Kernel Device Manager.
[[0;32m  OK  [0m] Started Flush Journal to Persistent Storage.
[[0;32m  OK  [0m] Found device /dev/ttyS0.
[[0;32m  OK  [0m] Listening on Load/Save RF Kill Switch Status /dev/rfkill Watch.
         Mounting Arbitrary Executable File Formats File System...
[[0;32m  OK  [0m] Mounted Arbitrary Executable File Formats File System.
[[0;32m  OK  [0m] Started Set the console keyboard layout.
[[0;32m  OK  [0m] Started Dispatch Password Requests to Console Directory Watch.
[[0;32m  OK  [0m] Reached target Local Encrypted Volumes.
[[0;32m  OK  [0m] Reached target Local File Systems (Pre).
[[0;32m  OK  [0m] Reached target Local File Systems.
         Starting Tell Plymouth To Write Out Runtime Data...
         Starting Set console font and keymap...
         Starting Create Volatile Files and Directories...
         Starting Commit a transient machine-id on disk...
         Starting ebtables ruleset management...
         Starting AppArmor initialization...
[[0;32m  OK  [0m] Started Tell Plymouth To Write Out Runtime Data.
[[0;32m  OK  [0m] Started Create Volatile Files and Directories.
         Starting Update UTMP about System Boot/Shutdown...
[[0;32m  OK  [0m] Started Update UTMP about System Boot/Shutdown.
[[0;32m  OK  [0m] Started Commit a transient machine-id on disk.
[[0;32m  OK  [0m] Started ebtables ruleset management.
[[0;32m  OK  [0m] Started AppArmor initialization.
         Starting Initial cloud-init job (pre-networking)...
         Starting Load AppArmor profiles managed internally by snapd...
[[0;32m  OK  [0m] Started Load AppArmor profiles managed internally by snapd.
[[0;32m  OK  [0m] Started Set console font and keymap.
[    7.748917] cloud-init[794]: Cloud-init v. 23.1.2-0ubuntu0~18.04.1 running 'init-local' at Thu, 20 Jun 2024 15:33:13 +0000. Up 7.55 seconds.
[[0;32m  OK  [0m] Started Initial cloud-init job (pre-networking).
[[0;32m  OK  [0m] Reached target Network (Pre).
         Starting Network Service...
[[0;32m  OK  [0m] Started Network Service.
         Starting Network Name Resolution...
         Starting Wait for Network to be Configured...
[[0;32m  OK  [0m] Started Network Name Resolution.
[[0;32m  OK  [0m] Reached target Host and Network Name Lookups.
[[0;32m  OK  [0m] Reached target Network.
[[0;32m  OK  [0m] Started Wait for Network to be Configured.
         Starting Initial cloud-init job (metadata service crawler)...
[   10.161477] cloud-init[936]: Cloud-init v. 23.1.2-0ubuntu0~18.04.1 running 'init' at Thu, 20 Jun 2024 15:33:16 +0000. Up 10.06 seconds.
[   10.162679] cloud-init[936]: ci-info: ++++++++++++++++++++++++++++++++++++++Net device info++++++++++++++++++++++++++++++++++++++
[   10.163280] cloud-init[936]: ci-info: +--------+------+----------------------------+---------------+--------+-------------------+
[   10.163860] cloud-init[936]: ci-info: | Device |  Up  |          Address           |      Mask     | Scope  |     Hw-Address    |
[   10.164496] cloud-init[936]: ci-info: +--------+------+----------------------------+---------------+--------+-------------------+
[   10.164961] cloud-init[936]: ci-info: | enp0s3 | True |         10.0.2.15          | 255.255.255.0 | global | 02:3b:7b:b7:3b:2d |
[   10.165551] cloud-init[936]: ci-info: | enp0s3 | True | fe80::3b:7bff:feb7:3b2d/64 |       .       |  link  | 02:3b:7b:b7:3b:2d |
[   10.166148] cloud-init[936]: ci-info: |   lo   | True |         127.0.0.1          |   255.0.0.0   |  host  |         .         |
[   10.166664] cloud-init[936]: ci-info: |   lo   | True |          ::1/128           |       .       |  host  |         .         |
[   10.167301] cloud-init[936]: ci-info: +--------+------+----------------------------+---------------+--------+-------------------+
[   10.167856] cloud-init[936]: ci-info: ++++++++++++++++++++++++++++Route IPv4 info+++++++++++++++++++++++++++++
[   10.168392] cloud-init[936]: ci-info: +-------+-------------+----------+-----------------+-----------+-------+
[   10.168918] cloud-init[936]: ci-info: | Route | Destination | Gateway  |     Genmask     | Interface | Flags |
[   10.169460] cloud-init[936]: ci-info: +-------+-------------+----------+-----------------+-----------+-------+
[   10.169980] cloud-init[936]: ci-info: |   0   |   0.0.0.0   | 10.0.2.2 |     0.0.0.0     |   enp0s3  |   UG  |
[   10.170530] cloud-init[936]: ci-info: |   1   |   10.0.2.0  | 0.0.0.0  |  255.255.255.0  |   enp0s3  |   U   |
[   10.170865] cloud-init[936]: ci-info: |   2   |   10.0.2.2  | 0.0.0.0  | 255.255.255.255 |   enp0s3  |   UH  |
[   10.171452] cloud-init[936]: ci-info: +-------+-------------+----------+-----------------+-----------+-------+
[   10.171959] cloud-init[936]: ci-info: +++++++++++++++++++Route IPv6 info+++++++++++++++++++
[   10.172423] cloud-init[936]: ci-info: +-------+-------------+---------+-----------+-------+
[   10.172920] cloud-init[936]: ci-info: | Route | Destination | Gateway | Interface | Flags |
[   10.173316] cloud-init[936]: ci-info: +-------+-------------+---------+-----------+-------+
[   10.173791] cloud-init[936]: ci-info: |   1   |  fe80::/64  |    ::   |   enp0s3  |   U   |
[   10.174251] cloud-init[936]: ci-info: |   3   |    local    |    ::   |   enp0s3  |   U   |
[   10.174719] cloud-init[936]: ci-info: |   4   |   ff00::/8  |    ::   |   enp0s3  |   U   |
[   10.175115] cloud-init[936]: ci-info: +-------+-------------+---------+-----------+-------+
[   11.382997] cloud-init[936]: Generating public/private rsa key pair.
[   11.383485] cloud-init[936]: Your identification has been saved in /etc/ssh/ssh_host_rsa_key.
[   11.384047] cloud-init[936]: Your public key has been saved in /etc/ssh/ssh_host_rsa_key.pub.
[   11.384460] cloud-init[936]: The key fingerprint is:
[   11.384779] cloud-init[936]: SHA256:BAZojHv23LNAAtVtEEv2PtHabDnYIdym+ZPjwvLG/hE root@ubuntu-bionic
[   11.385193] cloud-init[936]: The key's randomart image is:
[   11.385494] cloud-init[936]: +---[RSA 2048]----+
[   11.385787] cloud-init[936]: | +.o*=o          |
[   11.386068] cloud-init[936]: |o +o.=o+         |
[   11.386343] cloud-init[936]: | +  ..= *        |
[   11.386631] cloud-init[936]: |. + .. & o       |
[   11.386881] cloud-init[936]: | o = .B E        |
[   11.387123] cloud-init[936]: |    + o+ +       |
[   11.387422] cloud-init[936]: |     + o*        |
[   11.387661] cloud-init[936]: |    . *. +       |
[   11.387889] cloud-init[936]: |     =ooo        |
[   11.388189] cloud-init[936]: +----[SHA256]-----+
[   11.388438] cloud-init[936]: Generating public/private dsa key pair.
[   11.388714] cloud-init[936]: Your identification has been saved in /etc/ssh/ssh_host_dsa_key.
[   11.389048] cloud-init[936]: Your public key has been saved in /etc/ssh/ssh_host_dsa_key.pub.
[   11.389373] cloud-init[936]: The key fingerprint is:
[   11.389633] cloud-init[936]: SHA256:VZ8NN9x9bI/YNiYUodCNzm4pkLq/BbNvBV3Ajy18sSY root@ubuntu-bionic
[   11.390059] cloud-init[936]: The key's randomart image is:
[   11.390356] cloud-init[936]: +---[DSA 1024]----+
[   11.390638] cloud-init[936]: |        .o.++ooo+|
[   11.390881] cloud-init[936]: |         .+o=. *B|
[   11.391125] cloud-init[936]: |       . =o* =oo+|
[   11.391379] cloud-init[936]: |      o ..E O * .|
[   11.391624] cloud-init[936]: |     .o.So * + . |
[   11.391848] cloud-init[936]: |    .  +. =      |
[   11.392092] cloud-init[936]: |     .. .+       |
[   11.392425] cloud-init[936]: |    .  o.        |
[   11.392728] cloud-init[936]: |     .oo.        |
[   11.393002] cloud-init[936]: +----[SHA256]-----+
[   11.393286] cloud-init[936]: Generating public/private ecdsa key pair.
[   11.393643] cloud-init[936]: Your identification has been saved in /etc/ssh/ssh_host_ecdsa_key.
[   11.394073] cloud-init[936]: Your public key has been saved in /etc/ssh/ssh_host_ecdsa_key.pub.
[   11.394513] cloud-init[936]: The key fingerprint is:
[   11.394813] cloud-init[936]: SHA256:djumdVX/K9XCmJh0uUSfuRS13NwGrE9N0APW84CMZRM root@ubuntu-bionic
[   11.395256] cloud-init[936]: The key's randomart image is:
[   11.395562] cloud-init[936]: +---[ECDSA 256]---+
[   11.395848] cloud-init[936]: |           +E*=+.|
[   11.396218] cloud-init[936]: |          ..=.=**|
[   11.396499] cloud-init[936]: |           . + XX|
[   11.396792] cloud-init[936]: |          . = *o+|
[   11.397075] cloud-init[936]: |        S..= O..o|
[   11.397344] cloud-init[936]: |       . .o.+.=.o|
[   11.397622] cloud-init[936]: |          = . ...|
[   11.397896] cloud-init[936]: |         + o .  .|
[   11.398184] cloud-init[936]: |        .     .. |
[   11.398480] cloud-init[936]: +----[SHA256]-----+
[   11.398758] cloud-init[936]: Generating public/private ed25519 key pair.
[   11.399099] cloud-init[936]: Your identification has been saved in /etc/ssh/ssh_host_ed25519_key.
[   11.399522] cloud-init[936]: Your public key has been saved in /etc/ssh/ssh_host_ed25519_key.pub.
[   11.399940] cloud-init[936]: The key fingerprint is:
[   11.400277] cloud-init[936]: SHA256:RiHZKNx0zlMvYjSaH1zw04KrIkPbE5TLVa7GP//5FKM root@ubuntu-bionic
[   11.400685] cloud-init[936]: The key's randomart image is:
[   11.400982] cloud-init[936]: +--[ED25519 256]--+
[   11.401268] cloud-init[936]: |   . oo+B.o      |
[   11.401540] cloud-init[936]: |    o.+%.B o     |
[   11.401838] cloud-init[936]: |    o.+ % = o    |
[   11.402110] cloud-init[936]: |   o + = = +     |
[   11.402385] cloud-init[936]: |  . + + S     o  |
[   11.402671] cloud-init[936]: | . o o +     . o |
[   11.402941] cloud-init[936]: |  + + . o   E .  |
[   11.403231] cloud-init[936]: |   o o   o   o   |
[   11.403532] cloud-init[936]: |          ..o..  |
[   11.403846] cloud-init[936]: +----[SHA256]-----+
[[0;32m  OK  [0m] Started Initial cloud-init job (metadata service crawler).
[[0;32m  OK  [0m] Reached target Cloud-config availability.
[[0;32m  OK  [0m] Reached target Network is Online.
[[0;32m  OK  [0m] Reached target Remote File Systems (Pre).
[[0;32m  OK  [0m] Reached target Remote File Systems.
         Starting Availability of block devices...
[[0;32m  OK  [0m] Reached target System Initialization.
[[0;32m  OK  [0m] Started Daily Cleanup of Temporary Directories.
         Starting LXD - unix socket.
[[0;32m  OK  [0m] Started Message of the Day.
[[0;32m  OK  [0m] Started Discard unused blocks once a week.
[[0;32m  OK  [0m] Listening on Open-iSCSI iscsid Socket.
[[0;32m  OK  [0m] Started Ubuntu Advantage Timer for running repeated jobs.
[[0;32m  OK  [0m] Listening on UUID daemon activation socket.
[[0;32m  OK  [0m] Listening on cloud-init hotplug hook socket.
[[0;32m  OK  [0m] Started ACPI Events Check.
[[0;32m  OK  [0m] Listening on D-Bus System Message Bus Socket.
[[0;32m  OK  [0m] Listening on ACPID Listen Socket.
[[0;32m  OK  [0m] Started Daily apt download activities.
[[0;32m  OK  [0m] Started Daily apt upgrade and clean activities.
[[0;32m  OK  [0m] Reached target Timers.
[[0;32m  OK  [0m] Reached target Paths.
         Starting Socket activation for snappy daemon.
[[0;32m  OK  [0m] Started Availability of block devices.
[[0;32m  OK  [0m] Listening on LXD - unix socket.
[[0;32m  OK  [0m] Listening on Socket activation for snappy daemon.
[[0;32m  OK  [0m] Reached target Sockets.
[[0;32m  OK  [0m] Reached target Basic System.
         Starting LSB: automatic crash report generation...
         Starting Permit User Sessions...
[[0;32m  OK  [0m] Started irqbalance daemon.
         Starting Pollinate to seed the pseudo random number generator...
         Starting Virtualbox guest utils...
[[0;32m  OK  [0m] Started D-Bus System Message Bus.
         Starting Login Service...
[[0;32m  OK  [0m] Started Deferred execution scheduler.
         Starting Dispatcher daemon for systemd-networkd...
[[0;32m  OK  [0m] Started Regular background program processing daemon.
[[0;32m  OK  [0m] Started FUSE filesystem for LXC.
         Starting System Logging Service...
         Starting LXD - container startup/shutdown...
         Starting Snap Daemon...
         Starting LSB: Record successful boot for GRUB...
         Starting Accounts Service...
[[0;32m  OK  [0m] Reached target Login Prompts (Pre).
[[0;32m  OK  [0m] Started System Logging Service.
[[0;32m  OK  [0m] Started Permit User Sessions.
[[0;32m  OK  [0m] Started Login Service.
[[0;32m  OK  [0m] Started Unattended Upgrades Shutdown.
         Starting Terminate Plymouth Boot Screen...
         Starting Hold until boot process finishes up...
[[0;32m  OK  [0m] Started Hold until boot process finishes up.
         Starting Set console scheme...
[[0;32m  OK  [0m] Started Serial Getty on ttyS0.
[[0;32m  OK  [0m] Started Terminate Plymouth Boot Screen.
[[0;32m  OK  [0m] Started Dispatcher daemon for systemd-networkd.
[[0;32m  OK  [0m] Started LSB: automatic crash report generation.
[[0;32m  OK  [0m] Started Set console scheme.
[[0;32m  OK  [0m] Created slice system-getty.slice.
[[0;32m  OK  [0m] Started Getty on tty1.
[[0;32m  OK  [0m] Reached target Login Prompts.
         Starting Authorization Manager...
[[0;32m  OK  [0m] Started Authorization Manager.
[[0;32m  OK  [0m] Started LSB: Record successful boot for GRUB.
[[0;32m  OK  [0m] Started Accounts Service.
[[0;32m  OK  [0m] Started Virtualbox guest utils.
[[0;32m  OK  [0m] Started LXD - container startup/shutdown.
[[0;32m  OK  [0m] Started Snap Daemon.
         Starting Wait until snapd is fully seeded...
         Starting Time & Date Service...
[[0;32m  OK  [0m] Started Time & Date Service.
[[0;32m  OK  [0m] Started Wait until snapd is fully seeded.
         Starting Apply the settings specified in cloud-config...
[   13.645172] cloud-init[1559]: Cloud-init v. 23.1.2-0ubuntu0~18.04.1 running 'modules:config' at Thu, 20 Jun 2024 15:33:19 +0000. Up 13.39 seconds.
[[0;32m  OK  [0m] Started Apply the settings specified in cloud-config.

Ubuntu 18.04.6 LTS ubuntu-bionic ttyS0

ubuntu-bionic login: ci-info: no authorized SSH keys fingerprints found for user ubuntu.
<14>Jun 20 15:33:28 cloud-init: #############################################################
<14>Jun 20 15:33:28 cloud-init: -----BEGIN SSH HOST KEY FINGERPRINTS-----
<14>Jun 20 15:33:28 cloud-init: 1024 SHA256:VZ8NN9x9bI/YNiYUodCNzm4pkLq/BbNvBV3Ajy18sSY root@ubuntu-bionic (DSA)
<14>Jun 20 15:33:28 cloud-init: 256 SHA256:djumdVX/K9XCmJh0uUSfuRS13NwGrE9N0APW84CMZRM root@ubuntu-bionic (ECDSA)
<14>Jun 20 15:33:28 cloud-init: 256 SHA256:RiHZKNx0zlMvYjSaH1zw04KrIkPbE5TLVa7GP//5FKM root@ubuntu-bionic (ED25519)
<14>Jun 20 15:33:28 cloud-init: 2048 SHA256:BAZojHv23LNAAtVtEEv2PtHabDnYIdym+ZPjwvLG/hE root@ubuntu-bionic (RSA)
<14>Jun 20 15:33:28 cloud-init: -----END SSH HOST KEY FINGERPRINTS-----
<14>Jun 20 15:33:28 cloud-init: #############################################################
-----BEGIN SSH HOST KEY KEYS-----
ecdsa-sha2-nistp256 AAAAE2VjZHNhLXNoYTItbmlzdHAyNTYAAAAIbmlzdHAyNTYAAABBBCDC5utOEQIE2yHHsjGAAFIlCpdW0wRTNqjuplg5bfovosBKcErXVuarOvIDIHolPu7/kuulnNipYZSpt/k4DjU= root@ubuntu-bionic
ssh-ed25519 AAAAC3NzaC1lZDI1NTE5AAAAIKmS1drTh7LZHbK8nD82fcAZYhhWtMwKuuP2le/slt/S root@ubuntu-bionic
ssh-rsa AAAAB3NzaC1yc2EAAAADAQABAAABAQCqB50bCFZliKPe3oNJE9xFhn/EVNKP/NpBZSt8/cWm+U54aZ/aYbtX6HBNbODax9trVz+DtKIixVJOGPNEhQrMudTLHg7UBHMURbYL+PxmCYPOI6jVLew0r2sp0kk2q6vYkylVk9c4GObN4IfC7jahbp5gzroc7TQsjqObwiAWKd2YNgwKTS0CcF9vvGsXitkMf5TXaSn4IGf5zttVZQU5u87LsWkP4FXDf62MhjM0YNY5/rnlNiuKV6/6xZA01sJj/uBHawKje8dyN44rn3iXDXPQQxjAzapr3gz4zjjkgzcVzQ9YATN+UY0rHm23eDTQze4iQne6rTdi77TpvW7B root@ubuntu-bionic
-----END SSH HOST KEY KEYS-----
[   22.685281] cloud-init[1654]: Cloud-init v. 23.1.2-0ubuntu0~18.04.1 running 'modules:final' at Thu, 20 Jun 2024 15:33:28 +0000. Up 22.54 seconds.
[   22.685321] cloud-init[1654]: Cloud-init v. 23.1.2-0ubuntu0~18.04.1 finished at Thu, 20 Jun 2024 15:33:28 +0000. Datasource DataSourceNoCloud [seed=/dev/sdb][dsmode=net].  Up 22.68 seconds
